#! /usr/local/Cellar/icarus-verilog/11.0/bin/vvp
:ivl_version "11.0 (stable)";
:ivl_delay_selection "TYPICAL";
:vpi_time_precision - 11;
:vpi_module "/usr/local/Cellar/icarus-verilog/11.0/lib/ivl/system.vpi";
:vpi_module "/usr/local/Cellar/icarus-verilog/11.0/lib/ivl/vhdl_sys.vpi";
:vpi_module "/usr/local/Cellar/icarus-verilog/11.0/lib/ivl/vhdl_textio.vpi";
:vpi_module "/usr/local/Cellar/icarus-verilog/11.0/lib/ivl/v2005_math.vpi";
:vpi_module "/usr/local/Cellar/icarus-verilog/11.0/lib/ivl/va_math.vpi";
S_0x7fdeedc542d0 .scope module, "test" "test" 2 3;
 .timescale -9 -11;
v0x7fdeedc76210_0 .var "addr", 9 0;
v0x7fdeedc762a0_0 .net "bgrt_", 0 0, L_0x7fdeedc7de90;  1 drivers
v0x7fdeedc76330_0 .var "breq_", 0 0;
v0x7fdeedc76400_0 .var "clk", 0 0;
v0x7fdeedc76490_0 .var "ddaddr", 9 0;
v0x7fdeedc765a0_0 .var "dmode", 1 0;
v0x7fdeedc76670_0 .var "dreq_", 0 0;
v0x7fdeedc76740_0 .var "dsaddr", 9 0;
v0x7fdeedc76810_0 .net "eop_", 0 0, v0x7fdeedc741e0_0;  1 drivers
v0x7fdeedc76920_0 .var "idata", 7 0;
v0x7fdeedc769b0_0 .net "odata", 7 0, L_0x7fdeedc76b60;  1 drivers
v0x7fdeedc76a40_0 .var "reset_", 0 0;
v0x7fdeedc76ad0_0 .var "rw_", 0 0;
S_0x7fdeedc41050 .scope module, "u0" "top" 2 15, 3 1 0, S_0x7fdeedc542d0;
 .timescale -9 -11;
    .port_info 0 /INPUT 10 "addr0";
    .port_info 1 /INPUT 8 "idata0";
    .port_info 2 /OUTPUT 8 "odata0";
    .port_info 3 /INPUT 1 "rw0_";
    .port_info 4 /INPUT 1 "breq0_";
    .port_info 5 /OUTPUT 1 "bgrt0_";
    .port_info 6 /INPUT 10 "dsaddr";
    .port_info 7 /INPUT 10 "ddaddr";
    .port_info 8 /INPUT 2 "dmode";
    .port_info 9 /INPUT 1 "dreq_";
    .port_info 10 /OUTPUT 1 "eop_";
    .port_info 11 /INPUT 1 "reset_";
    .port_info 12 /INPUT 1 "clk";
L_0x7fdeedc76b60 .functor BUFZ 8, L_0x7fdeedc7d9d0, C4<00000000>, C4<00000000>, C4<00000000>;
L_0x7fdeedc76c50 .functor BUFZ 8, L_0x7fdeedc7d9d0, C4<00000000>, C4<00000000>, C4<00000000>;
v0x7fdeedc74760_0 .net *"_ivl_10", 0 0, L_0x7fdeedc76de0;  1 drivers
v0x7fdeedc747f0_0 .net *"_ivl_14", 31 0, L_0x7fdeedc77060;  1 drivers
L_0x7fdef0078098 .functor BUFT 1, C4<0000000000000000000000000000000>, C4<0>, C4<0>, C4<0>;
v0x7fdeedc74880_0 .net *"_ivl_17", 30 0, L_0x7fdef0078098;  1 drivers
L_0x7fdef00780e0 .functor BUFT 1, C4<00000000000000000000000000000000>, C4<0>, C4<0>, C4<0>;
v0x7fdeedc74910_0 .net/2u *"_ivl_18", 31 0, L_0x7fdef00780e0;  1 drivers
v0x7fdeedc749a0_0 .net *"_ivl_20", 0 0, L_0x7fdeedc77180;  1 drivers
v0x7fdeedc74a70_0 .net *"_ivl_24", 31 0, L_0x7fdeedc77430;  1 drivers
L_0x7fdef0078128 .functor BUFT 1, C4<0000000000000000000000000000000>, C4<0>, C4<0>, C4<0>;
v0x7fdeedc74b10_0 .net *"_ivl_27", 30 0, L_0x7fdef0078128;  1 drivers
L_0x7fdef0078170 .functor BUFT 1, C4<00000000000000000000000000000000>, C4<0>, C4<0>, C4<0>;
v0x7fdeedc74bc0_0 .net/2u *"_ivl_28", 31 0, L_0x7fdef0078170;  1 drivers
v0x7fdeedc74c70_0 .net *"_ivl_30", 0 0, L_0x7fdeedc77590;  1 drivers
v0x7fdeedc74d80_0 .net *"_ivl_4", 31 0, L_0x7fdeedc76d00;  1 drivers
L_0x7fdef0078008 .functor BUFT 1, C4<0000000000000000000000000000000>, C4<0>, C4<0>, C4<0>;
v0x7fdeedc74e20_0 .net *"_ivl_7", 30 0, L_0x7fdef0078008;  1 drivers
L_0x7fdef0078050 .functor BUFT 1, C4<00000000000000000000000000000000>, C4<0>, C4<0>, C4<0>;
v0x7fdeedc74ed0_0 .net/2u *"_ivl_8", 31 0, L_0x7fdef0078050;  1 drivers
v0x7fdeedc74f80_0 .net "addr", 9 0, L_0x7fdeedc76f00;  1 drivers
v0x7fdeedc75020_0 .net "addr0", 9 0, v0x7fdeedc76210_0;  1 drivers
v0x7fdeedc750d0_0 .net "addr1", 9 0, v0x7fdeedc73c90_0;  1 drivers
v0x7fdeedc75170_0 .net "bgrt0_", 0 0, L_0x7fdeedc7de90;  alias, 1 drivers
v0x7fdeedc75220_0 .net "bgrt1_", 0 0, L_0x7fdeedc7e380;  1 drivers
v0x7fdeedc753f0_0 .net "breq0_", 0 0, v0x7fdeedc76330_0;  1 drivers
v0x7fdeedc75480_0 .net "breq1_", 0 0, v0x7fdeedc73dd0_0;  1 drivers
v0x7fdeedc75510_0 .net "clk", 0 0, v0x7fdeedc76400_0;  1 drivers
v0x7fdeedc755a0_0 .net "ddaddr", 9 0, v0x7fdeedc76490_0;  1 drivers
v0x7fdeedc75630_0 .net "dmode", 1 0, v0x7fdeedc765a0_0;  1 drivers
v0x7fdeedc756c0_0 .net "dreq_", 0 0, v0x7fdeedc76670_0;  1 drivers
v0x7fdeedc75750_0 .net "dsaddr", 9 0, v0x7fdeedc76740_0;  1 drivers
v0x7fdeedc75800_0 .net "eop_", 0 0, v0x7fdeedc741e0_0;  alias, 1 drivers
v0x7fdeedc758b0_0 .net "idata", 7 0, L_0x7fdeedc772d0;  1 drivers
v0x7fdeedc759c0_0 .net "idata0", 7 0, v0x7fdeedc76920_0;  1 drivers
v0x7fdeedc75a50_0 .net "idata1", 7 0, v0x7fdeedc74390_0;  1 drivers
v0x7fdeedc75b00_0 .net "odata", 7 0, L_0x7fdeedc7d9d0;  1 drivers
v0x7fdeedc75b90_0 .net "odata0", 7 0, L_0x7fdeedc76b60;  alias, 1 drivers
v0x7fdeedc75c20_0 .net "odata1", 7 0, L_0x7fdeedc76c50;  1 drivers
v0x7fdeedc75cd0_0 .net "reset_", 0 0, v0x7fdeedc76a40_0;  1 drivers
v0x7fdeedc75de0_0 .net "rw0_", 0 0, v0x7fdeedc76ad0_0;  1 drivers
v0x7fdeedc752b0_0 .net "rw1_", 0 0, v0x7fdeedc744d0_0;  1 drivers
v0x7fdeedc76070_0 .net "rw_", 0 0, L_0x7fdeedc776b0;  1 drivers
L_0x7fdeedc76d00 .concat [ 1 31 0 0], L_0x7fdeedc7de90, L_0x7fdef0078008;
L_0x7fdeedc76de0 .cmp/eq 32, L_0x7fdeedc76d00, L_0x7fdef0078050;
L_0x7fdeedc76f00 .functor MUXZ 10, v0x7fdeedc73c90_0, v0x7fdeedc76210_0, L_0x7fdeedc76de0, C4<>;
L_0x7fdeedc77060 .concat [ 1 31 0 0], L_0x7fdeedc7de90, L_0x7fdef0078098;
L_0x7fdeedc77180 .cmp/eq 32, L_0x7fdeedc77060, L_0x7fdef00780e0;
L_0x7fdeedc772d0 .functor MUXZ 8, v0x7fdeedc74390_0, v0x7fdeedc76920_0, L_0x7fdeedc77180, C4<>;
L_0x7fdeedc77430 .concat [ 1 31 0 0], L_0x7fdeedc7de90, L_0x7fdef0078128;
L_0x7fdeedc77590 .cmp/eq 32, L_0x7fdeedc77430, L_0x7fdef0078170;
L_0x7fdeedc776b0 .functor MUXZ 1, v0x7fdeedc744d0_0, v0x7fdeedc76ad0_0, L_0x7fdeedc77590, C4<>;
S_0x7fdeedc3f970 .scope module, "u0" "slaves" 3 31, 4 2 0, S_0x7fdeedc41050;
 .timescale -9 -11;
    .port_info 0 /INPUT 10 "addr";
    .port_info 1 /INPUT 8 "idata";
    .port_info 2 /OUTPUT 8 "odata";
    .port_info 3 /INPUT 1 "rw_";
    .port_info 4 /INPUT 1 "reset_";
    .port_info 5 /INPUT 1 "clk";
L_0x7fdef0078e18 .functor BUFT 1, C4<00000000000000000000000000000000>, C4<0>, C4<0>, C4<0>;
v0x7fdeedc71320_0 .net/2u *"_ivl_10", 31 0, L_0x7fdef0078e18;  1 drivers
v0x7fdeedc713c0_0 .net *"_ivl_12", 0 0, L_0x7fdeedc7d1c0;  1 drivers
v0x7fdeedc71460_0 .net *"_ivl_14", 31 0, L_0x7fdeedc7d2e0;  1 drivers
L_0x7fdef0078e60 .functor BUFT 1, C4<0000000000000000000000000000000>, C4<0>, C4<0>, C4<0>;
v0x7fdeedc714f0_0 .net *"_ivl_17", 30 0, L_0x7fdef0078e60;  1 drivers
L_0x7fdef0078ea8 .functor BUFT 1, C4<00000000000000000000000000000000>, C4<0>, C4<0>, C4<0>;
v0x7fdeedc715a0_0 .net/2u *"_ivl_18", 31 0, L_0x7fdef0078ea8;  1 drivers
v0x7fdeedc71690_0 .net *"_ivl_20", 0 0, L_0x7fdeedc7d400;  1 drivers
v0x7fdeedc71730_0 .net *"_ivl_22", 31 0, L_0x7fdeedc7d560;  1 drivers
L_0x7fdef0078ef0 .functor BUFT 1, C4<0000000000000000000000000000000>, C4<0>, C4<0>, C4<0>;
v0x7fdeedc717e0_0 .net *"_ivl_25", 30 0, L_0x7fdef0078ef0;  1 drivers
L_0x7fdef0078f38 .functor BUFT 1, C4<00000000000000000000000000000000>, C4<0>, C4<0>, C4<0>;
v0x7fdeedc71890_0 .net/2u *"_ivl_26", 31 0, L_0x7fdef0078f38;  1 drivers
v0x7fdeedc719a0_0 .net *"_ivl_28", 0 0, L_0x7fdeedc7d640;  1 drivers
L_0x7fdef0078f80 .functor BUFT 1, C4<00000000>, C4<0>, C4<0>, C4<0>;
v0x7fdeedc71a40_0 .net/2u *"_ivl_30", 7 0, L_0x7fdef0078f80;  1 drivers
v0x7fdeedc71af0_0 .net *"_ivl_32", 7 0, L_0x7fdeedc7d7b0;  1 drivers
v0x7fdeedc71ba0_0 .net *"_ivl_34", 7 0, L_0x7fdeedc7d890;  1 drivers
v0x7fdeedc71c50_0 .net *"_ivl_6", 31 0, L_0x7fdeedc7bde0;  1 drivers
L_0x7fdef0078dd0 .functor BUFT 1, C4<0000000000000000000000000000000>, C4<0>, C4<0>, C4<0>;
v0x7fdeedc71d00_0 .net *"_ivl_9", 30 0, L_0x7fdef0078dd0;  1 drivers
v0x7fdeedc71db0_0 .net "addr", 9 0, L_0x7fdeedc76f00;  alias, 1 drivers
v0x7fdeedc71e70_0 .net "clk", 0 0, v0x7fdeedc76400_0;  alias, 1 drivers
v0x7fdeedc72000_0 .net "cs0_", 0 0, L_0x7fdeedc77d50;  1 drivers
v0x7fdeedc72090_0 .net "cs1_", 0 0, L_0x7fdeedc78320;  1 drivers
v0x7fdeedc72120_0 .net "cs2_", 0 0, L_0x7fdeedc78940;  1 drivers
v0x7fdeedc721b0_0 .net "cs3_", 0 0, L_0x7fdeedc78e20;  1 drivers
v0x7fdeedc72240_0 .net "idata", 7 0, L_0x7fdeedc772d0;  alias, 1 drivers
v0x7fdeedc722d0_0 .net "odata", 7 0, L_0x7fdeedc7d9d0;  alias, 1 drivers
v0x7fdeedc72360_0 .net "odata0", 7 0, L_0x7fdeedc79100;  1 drivers
v0x7fdeedc723f0_0 .net "odata1", 7 0, L_0x7fdeedc79490;  1 drivers
v0x7fdeedc724a0_0 .net "odata2", 7 0, L_0x7fdeedc7cb90;  1 drivers
v0x7fdeedc72550_0 .net "reset_", 0 0, v0x7fdeedc76a40_0;  alias, 1 drivers
v0x7fdeedc72600_0 .net "rw_", 0 0, L_0x7fdeedc776b0;  alias, 1 drivers
L_0x7fdeedc791f0 .part L_0x7fdeedc76f00, 0, 8;
L_0x7fdeedc79580 .part L_0x7fdeedc76f00, 0, 8;
L_0x7fdeedc7cfa0 .part L_0x7fdeedc76f00, 0, 8;
L_0x7fdeedc7bde0 .concat [ 1 31 0 0], L_0x7fdeedc77d50, L_0x7fdef0078dd0;
L_0x7fdeedc7d1c0 .cmp/eq 32, L_0x7fdeedc7bde0, L_0x7fdef0078e18;
L_0x7fdeedc7d2e0 .concat [ 1 31 0 0], L_0x7fdeedc78320, L_0x7fdef0078e60;
L_0x7fdeedc7d400 .cmp/eq 32, L_0x7fdeedc7d2e0, L_0x7fdef0078ea8;
L_0x7fdeedc7d560 .concat [ 1 31 0 0], L_0x7fdeedc78940, L_0x7fdef0078ef0;
L_0x7fdeedc7d640 .cmp/eq 32, L_0x7fdeedc7d560, L_0x7fdef0078f38;
L_0x7fdeedc7d7b0 .functor MUXZ 8, L_0x7fdef0078f80, L_0x7fdeedc7cb90, L_0x7fdeedc7d640, C4<>;
L_0x7fdeedc7d890 .functor MUXZ 8, L_0x7fdeedc7d7b0, L_0x7fdeedc79490, L_0x7fdeedc7d400, C4<>;
L_0x7fdeedc7d9d0 .functor MUXZ 8, L_0x7fdeedc7d890, L_0x7fdeedc79100, L_0x7fdeedc7d1c0, C4<>;
S_0x7fdeedc338f0 .scope module, "addrdec" "addrdec" 4 12, 5 2 0, S_0x7fdeedc3f970;
 .timescale -9 -11;
    .port_info 0 /INPUT 10 "addr";
    .port_info 1 /OUTPUT 1 "cs0_";
    .port_info 2 /OUTPUT 1 "cs1_";
    .port_info 3 /OUTPUT 1 "cs2_";
    .port_info 4 /OUTPUT 1 "cs3_";
L_0x7fdeedc77940 .functor NOT 1, L_0x7fdeedc77820, C4<0>, C4<0>, C4<0>;
L_0x7fdeedc77a50 .functor NOT 1, L_0x7fdeedc779b0, C4<0>, C4<0>, C4<0>;
L_0x7fdeedc77b00 .functor AND 1, L_0x7fdeedc77940, L_0x7fdeedc77a50, C4<1>, C4<1>;
L_0x7fdeedc77f70 .functor NOT 1, L_0x7fdeedc77ed0, C4<0>, C4<0>, C4<0>;
L_0x7fdeedc78020 .functor AND 1, L_0x7fdeedc77e30, L_0x7fdeedc77f70, C4<1>, C4<1>;
L_0x7fdeedc778c0 .functor NOT 1, L_0x7fdeedc78400, C4<0>, C4<0>, C4<0>;
L_0x7fdeedc78690 .functor AND 1, L_0x7fdeedc778c0, L_0x7fdeedc785f0, C4<1>, C4<1>;
L_0x7fdeedc78bd0 .functor AND 1, L_0x7fdeedc78a20, L_0x7fdeedc78b30, C4<1>, C4<1>;
v0x7fdeedc18ea0_0 .net *"_ivl_1", 0 0, L_0x7fdeedc77820;  1 drivers
L_0x7fdef00781b8 .functor BUFT 1, C4<00>, C4<0>, C4<0>, C4<0>;
v0x7fdeedc6a740_0 .net/2s *"_ivl_10", 1 0, L_0x7fdef00781b8;  1 drivers
L_0x7fdef0078200 .functor BUFT 1, C4<01>, C4<0>, C4<0>, C4<0>;
v0x7fdeedc6a7e0_0 .net/2s *"_ivl_12", 1 0, L_0x7fdef0078200;  1 drivers
v0x7fdeedc6a890_0 .net *"_ivl_14", 1 0, L_0x7fdeedc77bf0;  1 drivers
v0x7fdeedc6a940_0 .net *"_ivl_19", 0 0, L_0x7fdeedc77e30;  1 drivers
v0x7fdeedc6aa30_0 .net *"_ivl_2", 0 0, L_0x7fdeedc77940;  1 drivers
v0x7fdeedc6aae0_0 .net *"_ivl_21", 0 0, L_0x7fdeedc77ed0;  1 drivers
v0x7fdeedc6ab90_0 .net *"_ivl_22", 0 0, L_0x7fdeedc77f70;  1 drivers
v0x7fdeedc6ac40_0 .net *"_ivl_24", 0 0, L_0x7fdeedc78020;  1 drivers
L_0x7fdef0078248 .functor BUFT 1, C4<00>, C4<0>, C4<0>, C4<0>;
v0x7fdeedc6ad50_0 .net/2s *"_ivl_26", 1 0, L_0x7fdef0078248;  1 drivers
L_0x7fdef0078290 .functor BUFT 1, C4<01>, C4<0>, C4<0>, C4<0>;
v0x7fdeedc6ae00_0 .net/2s *"_ivl_28", 1 0, L_0x7fdef0078290;  1 drivers
v0x7fdeedc6aeb0_0 .net *"_ivl_30", 1 0, L_0x7fdeedc781c0;  1 drivers
v0x7fdeedc6af60_0 .net *"_ivl_35", 0 0, L_0x7fdeedc78400;  1 drivers
v0x7fdeedc6b010_0 .net *"_ivl_36", 0 0, L_0x7fdeedc778c0;  1 drivers
v0x7fdeedc6b0c0_0 .net *"_ivl_39", 0 0, L_0x7fdeedc785f0;  1 drivers
v0x7fdeedc6b170_0 .net *"_ivl_40", 0 0, L_0x7fdeedc78690;  1 drivers
L_0x7fdef00782d8 .functor BUFT 1, C4<00>, C4<0>, C4<0>, C4<0>;
v0x7fdeedc6b220_0 .net/2s *"_ivl_42", 1 0, L_0x7fdef00782d8;  1 drivers
L_0x7fdef0078320 .functor BUFT 1, C4<01>, C4<0>, C4<0>, C4<0>;
v0x7fdeedc6b3b0_0 .net/2s *"_ivl_44", 1 0, L_0x7fdef0078320;  1 drivers
v0x7fdeedc6b440_0 .net *"_ivl_46", 1 0, L_0x7fdeedc787c0;  1 drivers
v0x7fdeedc6b4f0_0 .net *"_ivl_5", 0 0, L_0x7fdeedc779b0;  1 drivers
v0x7fdeedc6b5a0_0 .net *"_ivl_51", 0 0, L_0x7fdeedc78a20;  1 drivers
v0x7fdeedc6b650_0 .net *"_ivl_53", 0 0, L_0x7fdeedc78b30;  1 drivers
v0x7fdeedc6b700_0 .net *"_ivl_54", 0 0, L_0x7fdeedc78bd0;  1 drivers
L_0x7fdef0078368 .functor BUFT 1, C4<00>, C4<0>, C4<0>, C4<0>;
v0x7fdeedc6b7b0_0 .net/2s *"_ivl_56", 1 0, L_0x7fdef0078368;  1 drivers
L_0x7fdef00783b0 .functor BUFT 1, C4<01>, C4<0>, C4<0>, C4<0>;
v0x7fdeedc6b860_0 .net/2s *"_ivl_58", 1 0, L_0x7fdef00783b0;  1 drivers
v0x7fdeedc6b910_0 .net *"_ivl_6", 0 0, L_0x7fdeedc77a50;  1 drivers
v0x7fdeedc6b9c0_0 .net *"_ivl_60", 1 0, L_0x7fdeedc78c80;  1 drivers
v0x7fdeedc6ba70_0 .net *"_ivl_8", 0 0, L_0x7fdeedc77b00;  1 drivers
v0x7fdeedc6bb20_0 .net "addr", 9 0, L_0x7fdeedc76f00;  alias, 1 drivers
v0x7fdeedc6bbd0_0 .net "cs0_", 0 0, L_0x7fdeedc77d50;  alias, 1 drivers
v0x7fdeedc6bc70_0 .net "cs1_", 0 0, L_0x7fdeedc78320;  alias, 1 drivers
v0x7fdeedc6bd10_0 .net "cs2_", 0 0, L_0x7fdeedc78940;  alias, 1 drivers
v0x7fdeedc6bdb0_0 .net "cs3_", 0 0, L_0x7fdeedc78e20;  alias, 1 drivers
L_0x7fdeedc77820 .part L_0x7fdeedc76f00, 8, 1;
L_0x7fdeedc779b0 .part L_0x7fdeedc76f00, 9, 1;
L_0x7fdeedc77bf0 .functor MUXZ 2, L_0x7fdef0078200, L_0x7fdef00781b8, L_0x7fdeedc77b00, C4<>;
L_0x7fdeedc77d50 .part L_0x7fdeedc77bf0, 0, 1;
L_0x7fdeedc77e30 .part L_0x7fdeedc76f00, 8, 1;
L_0x7fdeedc77ed0 .part L_0x7fdeedc76f00, 9, 1;
L_0x7fdeedc781c0 .functor MUXZ 2, L_0x7fdef0078290, L_0x7fdef0078248, L_0x7fdeedc78020, C4<>;
L_0x7fdeedc78320 .part L_0x7fdeedc781c0, 0, 1;
L_0x7fdeedc78400 .part L_0x7fdeedc76f00, 8, 1;
L_0x7fdeedc785f0 .part L_0x7fdeedc76f00, 9, 1;
L_0x7fdeedc787c0 .functor MUXZ 2, L_0x7fdef0078320, L_0x7fdef00782d8, L_0x7fdeedc78690, C4<>;
L_0x7fdeedc78940 .part L_0x7fdeedc787c0, 0, 1;
L_0x7fdeedc78a20 .part L_0x7fdeedc76f00, 8, 1;
L_0x7fdeedc78b30 .part L_0x7fdeedc76f00, 9, 1;
L_0x7fdeedc78c80 .functor MUXZ 2, L_0x7fdef00783b0, L_0x7fdef0078368, L_0x7fdeedc78bd0, C4<>;
L_0x7fdeedc78e20 .part L_0x7fdeedc78c80, 0, 1;
S_0x7fdeedc6c040 .scope module, "timer" "timer" 4 17, 6 2 0, S_0x7fdeedc3f970;
 .timescale -9 -11;
    .port_info 0 /INPUT 8 "addr";
    .port_info 1 /INPUT 8 "idata";
    .port_info 2 /OUTPUT 8 "odata";
    .port_info 3 /INPUT 1 "cs_";
    .port_info 4 /INPUT 1 "rw_";
    .port_info 5 /INPUT 1 "clk";
    .port_info 6 /INPUT 1 "rst_";
L_0x7fdeedc79b00 .functor AND 1, L_0x7fdeedc78110, L_0x7fdeedc799e0, C4<1>, C4<1>;
L_0x7fdeedc79df0 .functor AND 1, L_0x7fdeedc79b00, L_0x7fdeedc79cd0, C4<1>, C4<1>;
L_0x7fdeedc7a140 .functor AND 1, L_0x7fdeedc79df0, L_0x7fdeedc7a020, C4<1>, C4<1>;
L_0x7fdeedc7a720 .functor AND 1, L_0x7fdeedc7a360, L_0x7fdeedc7a600, C4<1>, C4<1>;
L_0x7fdeedc7aa80 .functor AND 1, L_0x7fdeedc7a720, L_0x7fdeedc7a9a0, C4<1>, C4<1>;
L_0x7fdeedc7adb0 .functor AND 1, L_0x7fdeedc7aa80, L_0x7fdeedc7acd0, C4<1>, C4<1>;
L_0x7fdeedc7b510 .functor AND 1, L_0x7fdeedc79780, L_0x7fdeedc7b470, C4<1>, C4<1>;
L_0x7fdeedc7b830 .functor AND 1, L_0x7fdeedc7b510, L_0x7fdeedc7b3d0, C4<1>, C4<1>;
L_0x7fdeedc7bc00 .functor AND 1, L_0x7fdeedc7b830, L_0x7fdeedc7b6a0, C4<1>, C4<1>;
v0x7fdeedc6c260_0 .net *"_ivl_0", 31 0, L_0x7fdeedc79660;  1 drivers
v0x7fdeedc6c2f0_0 .net *"_ivl_100", 0 0, L_0x7fdeedc7b3d0;  1 drivers
v0x7fdeedc6c380_0 .net *"_ivl_103", 0 0, L_0x7fdeedc7b830;  1 drivers
v0x7fdeedc6c430_0 .net *"_ivl_104", 31 0, L_0x7fdeedc7b920;  1 drivers
L_0x7fdef0078ab8 .functor BUFT 1, C4<000000000000000000000000>, C4<0>, C4<0>, C4<0>;
v0x7fdeedc6c4e0_0 .net *"_ivl_107", 23 0, L_0x7fdef0078ab8;  1 drivers
L_0x7fdef0078b00 .functor BUFT 1, C4<00000000000000000000000000000100>, C4<0>, C4<0>, C4<0>;
v0x7fdeedc6c5d0_0 .net/2u *"_ivl_108", 31 0, L_0x7fdef0078b00;  1 drivers
L_0x7fdef0078518 .functor BUFT 1, C4<0000000000000000000000000000000>, C4<0>, C4<0>, C4<0>;
v0x7fdeedc6c680_0 .net *"_ivl_11", 30 0, L_0x7fdef0078518;  1 drivers
v0x7fdeedc6c730_0 .net *"_ivl_110", 0 0, L_0x7fdeedc7b6a0;  1 drivers
v0x7fdeedc6c7d0_0 .net *"_ivl_114", 31 0, L_0x7fdeedc7bd40;  1 drivers
L_0x7fdef0078b48 .functor BUFT 1, C4<000000000000000000000000>, C4<0>, C4<0>, C4<0>;
v0x7fdeedc6c8e0_0 .net *"_ivl_117", 23 0, L_0x7fdef0078b48;  1 drivers
L_0x7fdef0078b90 .functor BUFT 1, C4<00000000000000000000000000000000>, C4<0>, C4<0>, C4<0>;
v0x7fdeedc6c990_0 .net/2u *"_ivl_118", 31 0, L_0x7fdef0078b90;  1 drivers
L_0x7fdef0078560 .functor BUFT 1, C4<00000000000000000000000000000000>, C4<0>, C4<0>, C4<0>;
v0x7fdeedc6ca40_0 .net/2u *"_ivl_12", 31 0, L_0x7fdef0078560;  1 drivers
v0x7fdeedc6caf0_0 .net *"_ivl_120", 0 0, L_0x7fdeedc7bac0;  1 drivers
v0x7fdeedc6cb90_0 .net *"_ivl_123", 7 0, L_0x7fdeedc7bf70;  1 drivers
v0x7fdeedc6cc40_0 .net *"_ivl_124", 31 0, L_0x7fdeedc7c0f0;  1 drivers
L_0x7fdef0078bd8 .functor BUFT 1, C4<000000000000000000000000>, C4<0>, C4<0>, C4<0>;
v0x7fdeedc6ccf0_0 .net *"_ivl_127", 23 0, L_0x7fdef0078bd8;  1 drivers
L_0x7fdef0078c20 .functor BUFT 1, C4<00000000000000000000000000000001>, C4<0>, C4<0>, C4<0>;
v0x7fdeedc6cda0_0 .net/2u *"_ivl_128", 31 0, L_0x7fdef0078c20;  1 drivers
v0x7fdeedc6cf30_0 .net *"_ivl_130", 0 0, L_0x7fdeedc7c1b0;  1 drivers
v0x7fdeedc6cfc0_0 .net *"_ivl_133", 7 0, L_0x7fdeedc7c380;  1 drivers
v0x7fdeedc6d060_0 .net *"_ivl_134", 31 0, L_0x7fdeedc7c050;  1 drivers
L_0x7fdef0078c68 .functor BUFT 1, C4<000000000000000000000000>, C4<0>, C4<0>, C4<0>;
v0x7fdeedc6d110_0 .net *"_ivl_137", 23 0, L_0x7fdef0078c68;  1 drivers
L_0x7fdef0078cb0 .functor BUFT 1, C4<00000000000000000000000000000010>, C4<0>, C4<0>, C4<0>;
v0x7fdeedc6d1c0_0 .net/2u *"_ivl_138", 31 0, L_0x7fdef0078cb0;  1 drivers
v0x7fdeedc6d270_0 .net *"_ivl_14", 0 0, L_0x7fdeedc799e0;  1 drivers
v0x7fdeedc6d310_0 .net *"_ivl_140", 0 0, L_0x7fdeedc7c290;  1 drivers
v0x7fdeedc6d3b0_0 .net *"_ivl_143", 7 0, L_0x7fdeedc7c5e0;  1 drivers
v0x7fdeedc6d460_0 .net *"_ivl_144", 31 0, L_0x7fdeedc7c420;  1 drivers
L_0x7fdef0078cf8 .functor BUFT 1, C4<000000000000000000000000>, C4<0>, C4<0>, C4<0>;
v0x7fdeedc6d510_0 .net *"_ivl_147", 23 0, L_0x7fdef0078cf8;  1 drivers
L_0x7fdef0078d40 .functor BUFT 1, C4<00000000000000000000000000000011>, C4<0>, C4<0>, C4<0>;
v0x7fdeedc6d5c0_0 .net/2u *"_ivl_148", 31 0, L_0x7fdef0078d40;  1 drivers
v0x7fdeedc6d670_0 .net *"_ivl_150", 0 0, L_0x7fdeedc7c790;  1 drivers
v0x7fdeedc6d710_0 .net *"_ivl_153", 7 0, L_0x7fdeedc7c680;  1 drivers
L_0x7fdef0078d88 .functor BUFT 1, C4<00000000>, C4<0>, C4<0>, C4<0>;
v0x7fdeedc6d7c0_0 .net/2u *"_ivl_154", 7 0, L_0x7fdef0078d88;  1 drivers
v0x7fdeedc6d870_0 .net *"_ivl_156", 7 0, L_0x7fdeedc7ca70;  1 drivers
v0x7fdeedc6d920_0 .net *"_ivl_158", 7 0, L_0x7fdeedc7c950;  1 drivers
v0x7fdeedc6ce50_0 .net *"_ivl_160", 7 0, L_0x7fdeedc7ccc0;  1 drivers
v0x7fdeedc6dbb0_0 .net *"_ivl_17", 0 0, L_0x7fdeedc79b00;  1 drivers
v0x7fdeedc6dc40_0 .net *"_ivl_18", 31 0, L_0x7fdeedc79bf0;  1 drivers
L_0x7fdef00785a8 .functor BUFT 1, C4<000000000000000000000000>, C4<0>, C4<0>, C4<0>;
v0x7fdeedc6dcd0_0 .net *"_ivl_21", 23 0, L_0x7fdef00785a8;  1 drivers
L_0x7fdef00785f0 .functor BUFT 1, C4<00000000000000000000000000000100>, C4<0>, C4<0>, C4<0>;
v0x7fdeedc6dd80_0 .net/2u *"_ivl_22", 31 0, L_0x7fdef00785f0;  1 drivers
v0x7fdeedc6de30_0 .net *"_ivl_24", 0 0, L_0x7fdeedc79cd0;  1 drivers
v0x7fdeedc6ded0_0 .net *"_ivl_27", 0 0, L_0x7fdeedc79df0;  1 drivers
v0x7fdeedc6df70_0 .net *"_ivl_28", 31 0, L_0x7fdeedc79ee0;  1 drivers
L_0x7fdef0078488 .functor BUFT 1, C4<0000000000000000000000000000000>, C4<0>, C4<0>, C4<0>;
v0x7fdeedc6e020_0 .net *"_ivl_3", 30 0, L_0x7fdef0078488;  1 drivers
L_0x7fdef0078638 .functor BUFT 1, C4<000000000000000000000000>, C4<0>, C4<0>, C4<0>;
v0x7fdeedc6e0d0_0 .net *"_ivl_31", 23 0, L_0x7fdef0078638;  1 drivers
L_0x7fdef0078680 .functor BUFT 1, C4<00000000000000000000000000000001>, C4<0>, C4<0>, C4<0>;
v0x7fdeedc6e180_0 .net/2u *"_ivl_32", 31 0, L_0x7fdef0078680;  1 drivers
v0x7fdeedc6e230_0 .net *"_ivl_34", 0 0, L_0x7fdeedc7a020;  1 drivers
v0x7fdeedc6e2d0_0 .net *"_ivl_38", 31 0, L_0x7fdeedc7a230;  1 drivers
L_0x7fdef00784d0 .functor BUFT 1, C4<00000000000000000000000000000000>, C4<0>, C4<0>, C4<0>;
v0x7fdeedc6e380_0 .net/2u *"_ivl_4", 31 0, L_0x7fdef00784d0;  1 drivers
L_0x7fdef00786c8 .functor BUFT 1, C4<0000000000000000000000000000000>, C4<0>, C4<0>, C4<0>;
v0x7fdeedc6e430_0 .net *"_ivl_41", 30 0, L_0x7fdef00786c8;  1 drivers
L_0x7fdef0078710 .functor BUFT 1, C4<00000000000000000000000000000000>, C4<0>, C4<0>, C4<0>;
v0x7fdeedc6e4e0_0 .net/2u *"_ivl_42", 31 0, L_0x7fdef0078710;  1 drivers
v0x7fdeedc6e590_0 .net *"_ivl_44", 0 0, L_0x7fdeedc7a360;  1 drivers
v0x7fdeedc6e630_0 .net *"_ivl_46", 31 0, L_0x7fdeedc7a4a0;  1 drivers
L_0x7fdef0078758 .functor BUFT 1, C4<0000000000000000000000000000000>, C4<0>, C4<0>, C4<0>;
v0x7fdeedc6e6e0_0 .net *"_ivl_49", 30 0, L_0x7fdef0078758;  1 drivers
L_0x7fdef00787a0 .functor BUFT 1, C4<00000000000000000000000000000000>, C4<0>, C4<0>, C4<0>;
v0x7fdeedc6e790_0 .net/2u *"_ivl_50", 31 0, L_0x7fdef00787a0;  1 drivers
v0x7fdeedc6e840_0 .net *"_ivl_52", 0 0, L_0x7fdeedc7a600;  1 drivers
v0x7fdeedc6e8e0_0 .net *"_ivl_55", 0 0, L_0x7fdeedc7a720;  1 drivers
v0x7fdeedc6e980_0 .net *"_ivl_56", 31 0, L_0x7fdeedc7a810;  1 drivers
L_0x7fdef00787e8 .functor BUFT 1, C4<000000000000000000000000>, C4<0>, C4<0>, C4<0>;
v0x7fdeedc6ea30_0 .net *"_ivl_59", 23 0, L_0x7fdef00787e8;  1 drivers
v0x7fdeedc6eae0_0 .net *"_ivl_6", 0 0, L_0x7fdeedc78110;  1 drivers
L_0x7fdef0078830 .functor BUFT 1, C4<00000000000000000000000000000100>, C4<0>, C4<0>, C4<0>;
v0x7fdeedc6eb80_0 .net/2u *"_ivl_60", 31 0, L_0x7fdef0078830;  1 drivers
v0x7fdeedc6ec30_0 .net *"_ivl_62", 0 0, L_0x7fdeedc7a9a0;  1 drivers
v0x7fdeedc6ecd0_0 .net *"_ivl_65", 0 0, L_0x7fdeedc7aa80;  1 drivers
v0x7fdeedc6ed70_0 .net *"_ivl_66", 31 0, L_0x7fdeedc7ab70;  1 drivers
L_0x7fdef0078878 .functor BUFT 1, C4<000000000000000000000000>, C4<0>, C4<0>, C4<0>;
v0x7fdeedc6ee20_0 .net *"_ivl_69", 23 0, L_0x7fdef0078878;  1 drivers
L_0x7fdef00788c0 .functor BUFT 1, C4<00000000000000000000000000000010>, C4<0>, C4<0>, C4<0>;
v0x7fdeedc6eed0_0 .net/2u *"_ivl_70", 31 0, L_0x7fdef00788c0;  1 drivers
v0x7fdeedc6ef80_0 .net *"_ivl_72", 0 0, L_0x7fdeedc7acd0;  1 drivers
v0x7fdeedc6d9c0_0 .net *"_ivl_76", 31 0, L_0x7fdeedc7aea0;  1 drivers
L_0x7fdef0078908 .functor BUFT 1, C4<0000000000000000000000000000000>, C4<0>, C4<0>, C4<0>;
v0x7fdeedc6da70_0 .net *"_ivl_79", 30 0, L_0x7fdef0078908;  1 drivers
v0x7fdeedc6db20_0 .net *"_ivl_8", 31 0, L_0x7fdeedc79900;  1 drivers
L_0x7fdef0078950 .functor BUFT 1, C4<00000000000000000000000000000000>, C4<0>, C4<0>, C4<0>;
v0x7fdeedc6f030_0 .net/2u *"_ivl_80", 31 0, L_0x7fdef0078950;  1 drivers
v0x7fdeedc6f0e0_0 .net *"_ivl_82", 0 0, L_0x7fdeedc79780;  1 drivers
v0x7fdeedc6f180_0 .net *"_ivl_84", 31 0, L_0x7fdeedc7b230;  1 drivers
L_0x7fdef0078998 .functor BUFT 1, C4<0000000000000000000000000000000>, C4<0>, C4<0>, C4<0>;
v0x7fdeedc6f230_0 .net *"_ivl_87", 30 0, L_0x7fdef0078998;  1 drivers
L_0x7fdef00789e0 .functor BUFT 1, C4<00000000000000000000000000000000>, C4<0>, C4<0>, C4<0>;
v0x7fdeedc6f2e0_0 .net/2u *"_ivl_88", 31 0, L_0x7fdef00789e0;  1 drivers
v0x7fdeedc6f390_0 .net *"_ivl_90", 0 0, L_0x7fdeedc7b470;  1 drivers
v0x7fdeedc6f430_0 .net *"_ivl_93", 0 0, L_0x7fdeedc7b510;  1 drivers
v0x7fdeedc6f4d0_0 .net *"_ivl_94", 31 0, L_0x7fdeedc7b600;  1 drivers
L_0x7fdef0078a28 .functor BUFT 1, C4<000000000000000000000000>, C4<0>, C4<0>, C4<0>;
v0x7fdeedc6f580_0 .net *"_ivl_97", 23 0, L_0x7fdef0078a28;  1 drivers
L_0x7fdef0078a70 .functor BUFT 1, C4<00000000000000000000000000000100>, C4<0>, C4<0>, C4<0>;
v0x7fdeedc6f630_0 .net/2u *"_ivl_98", 31 0, L_0x7fdef0078a70;  1 drivers
v0x7fdeedc6f6e0_0 .net "addr", 7 0, L_0x7fdeedc7cfa0;  1 drivers
v0x7fdeedc6f790_0 .net "clear", 0 0, L_0x7fdeedc7a140;  1 drivers
v0x7fdeedc6f830_0 .net "clk", 0 0, v0x7fdeedc76400_0;  alias, 1 drivers
v0x7fdeedc6f8d0_0 .var "count", 31 0;
v0x7fdeedc6f980_0 .net "cs_", 0 0, L_0x7fdeedc78940;  alias, 1 drivers
v0x7fdeedc6fa30_0 .var "en", 0 0;
v0x7fdeedc6fac0_0 .net "idata", 7 0, L_0x7fdeedc772d0;  alias, 1 drivers
v0x7fdeedc6fb50_0 .net "odata", 7 0, L_0x7fdeedc7cb90;  alias, 1 drivers
v0x7fdeedc6fbe0_0 .net "rst_", 0 0, v0x7fdeedc76a40_0;  alias, 1 drivers
v0x7fdeedc6fc70_0 .net "rw_", 0 0, L_0x7fdeedc776b0;  alias, 1 drivers
v0x7fdeedc6fd00_0 .net "start", 0 0, L_0x7fdeedc7adb0;  1 drivers
v0x7fdeedc6fd90_0 .net "stop", 0 0, L_0x7fdeedc7bc00;  1 drivers
E_0x7fdeedc5b250 .event posedge, v0x7fdeedc6f830_0;
L_0x7fdeedc79660 .concat [ 1 31 0 0], L_0x7fdeedc78940, L_0x7fdef0078488;
L_0x7fdeedc78110 .cmp/eq 32, L_0x7fdeedc79660, L_0x7fdef00784d0;
L_0x7fdeedc79900 .concat [ 1 31 0 0], L_0x7fdeedc776b0, L_0x7fdef0078518;
L_0x7fdeedc799e0 .cmp/eq 32, L_0x7fdeedc79900, L_0x7fdef0078560;
L_0x7fdeedc79bf0 .concat [ 8 24 0 0], L_0x7fdeedc7cfa0, L_0x7fdef00785a8;
L_0x7fdeedc79cd0 .cmp/eq 32, L_0x7fdeedc79bf0, L_0x7fdef00785f0;
L_0x7fdeedc79ee0 .concat [ 8 24 0 0], L_0x7fdeedc772d0, L_0x7fdef0078638;
L_0x7fdeedc7a020 .cmp/eq 32, L_0x7fdeedc79ee0, L_0x7fdef0078680;
L_0x7fdeedc7a230 .concat [ 1 31 0 0], L_0x7fdeedc78940, L_0x7fdef00786c8;
L_0x7fdeedc7a360 .cmp/eq 32, L_0x7fdeedc7a230, L_0x7fdef0078710;
L_0x7fdeedc7a4a0 .concat [ 1 31 0 0], L_0x7fdeedc776b0, L_0x7fdef0078758;
L_0x7fdeedc7a600 .cmp/eq 32, L_0x7fdeedc7a4a0, L_0x7fdef00787a0;
L_0x7fdeedc7a810 .concat [ 8 24 0 0], L_0x7fdeedc7cfa0, L_0x7fdef00787e8;
L_0x7fdeedc7a9a0 .cmp/eq 32, L_0x7fdeedc7a810, L_0x7fdef0078830;
L_0x7fdeedc7ab70 .concat [ 8 24 0 0], L_0x7fdeedc772d0, L_0x7fdef0078878;
L_0x7fdeedc7acd0 .cmp/eq 32, L_0x7fdeedc7ab70, L_0x7fdef00788c0;
L_0x7fdeedc7aea0 .concat [ 1 31 0 0], L_0x7fdeedc78940, L_0x7fdef0078908;
L_0x7fdeedc79780 .cmp/eq 32, L_0x7fdeedc7aea0, L_0x7fdef0078950;
L_0x7fdeedc7b230 .concat [ 1 31 0 0], L_0x7fdeedc776b0, L_0x7fdef0078998;
L_0x7fdeedc7b470 .cmp/eq 32, L_0x7fdeedc7b230, L_0x7fdef00789e0;
L_0x7fdeedc7b600 .concat [ 8 24 0 0], L_0x7fdeedc7cfa0, L_0x7fdef0078a28;
L_0x7fdeedc7b3d0 .cmp/eq 32, L_0x7fdeedc7b600, L_0x7fdef0078a70;
L_0x7fdeedc7b920 .concat [ 8 24 0 0], L_0x7fdeedc772d0, L_0x7fdef0078ab8;
L_0x7fdeedc7b6a0 .cmp/eq 32, L_0x7fdeedc7b920, L_0x7fdef0078b00;
L_0x7fdeedc7bd40 .concat [ 8 24 0 0], L_0x7fdeedc7cfa0, L_0x7fdef0078b48;
L_0x7fdeedc7bac0 .cmp/eq 32, L_0x7fdeedc7bd40, L_0x7fdef0078b90;
L_0x7fdeedc7bf70 .part v0x7fdeedc6f8d0_0, 0, 8;
L_0x7fdeedc7c0f0 .concat [ 8 24 0 0], L_0x7fdeedc7cfa0, L_0x7fdef0078bd8;
L_0x7fdeedc7c1b0 .cmp/eq 32, L_0x7fdeedc7c0f0, L_0x7fdef0078c20;
L_0x7fdeedc7c380 .part v0x7fdeedc6f8d0_0, 8, 8;
L_0x7fdeedc7c050 .concat [ 8 24 0 0], L_0x7fdeedc7cfa0, L_0x7fdef0078c68;
L_0x7fdeedc7c290 .cmp/eq 32, L_0x7fdeedc7c050, L_0x7fdef0078cb0;
L_0x7fdeedc7c5e0 .part v0x7fdeedc6f8d0_0, 16, 8;
L_0x7fdeedc7c420 .concat [ 8 24 0 0], L_0x7fdeedc7cfa0, L_0x7fdef0078cf8;
L_0x7fdeedc7c790 .cmp/eq 32, L_0x7fdeedc7c420, L_0x7fdef0078d40;
L_0x7fdeedc7c680 .part v0x7fdeedc6f8d0_0, 24, 8;
L_0x7fdeedc7ca70 .functor MUXZ 8, L_0x7fdef0078d88, L_0x7fdeedc7c680, L_0x7fdeedc7c790, C4<>;
L_0x7fdeedc7c950 .functor MUXZ 8, L_0x7fdeedc7ca70, L_0x7fdeedc7c5e0, L_0x7fdeedc7c290, C4<>;
L_0x7fdeedc7ccc0 .functor MUXZ 8, L_0x7fdeedc7c950, L_0x7fdeedc7c380, L_0x7fdeedc7c1b0, C4<>;
L_0x7fdeedc7cb90 .functor MUXZ 8, L_0x7fdeedc7ccc0, L_0x7fdeedc7bf70, L_0x7fdeedc7bac0, C4<>;
S_0x7fdeedc6fed0 .scope module, "u0" "sram" 4 15, 7 3 0, S_0x7fdeedc3f970;
 .timescale -9 -11;
    .port_info 0 /INPUT 8 "addr";
    .port_info 1 /INPUT 8 "idata";
    .port_info 2 /OUTPUT 8 "odata";
    .port_info 3 /INPUT 1 "cs_";
    .port_info 4 /INPUT 1 "rw_";
    .port_info 5 /INPUT 1 "clk";
L_0x7fdeedc79100 .functor BUFZ 8, L_0x7fdeedc78f40, C4<00000000>, C4<00000000>, C4<00000000>;
v0x7fdeedc70140_0 .net *"_ivl_0", 7 0, L_0x7fdeedc78f40;  1 drivers
v0x7fdeedc701e0_0 .net *"_ivl_2", 9 0, L_0x7fdeedc78fe0;  1 drivers
L_0x7fdef00783f8 .functor BUFT 1, C4<00>, C4<0>, C4<0>, C4<0>;
v0x7fdeedc70290_0 .net *"_ivl_5", 1 0, L_0x7fdef00783f8;  1 drivers
v0x7fdeedc70350_0 .net "addr", 7 0, L_0x7fdeedc791f0;  1 drivers
v0x7fdeedc70400_0 .net "clk", 0 0, v0x7fdeedc76400_0;  alias, 1 drivers
v0x7fdeedc704d0_0 .net "cs_", 0 0, L_0x7fdeedc77d50;  alias, 1 drivers
v0x7fdeedc70580_0 .net "idata", 7 0, L_0x7fdeedc772d0;  alias, 1 drivers
v0x7fdeedc70630 .array "mem", 0 255, 7 0;
v0x7fdeedc706c0_0 .net "odata", 7 0, L_0x7fdeedc79100;  alias, 1 drivers
v0x7fdeedc707e0_0 .net "rw_", 0 0, L_0x7fdeedc776b0;  alias, 1 drivers
L_0x7fdeedc78f40 .array/port v0x7fdeedc70630, L_0x7fdeedc78fe0;
L_0x7fdeedc78fe0 .concat [ 8 2 0 0], L_0x7fdeedc791f0, L_0x7fdef00783f8;
S_0x7fdeedc708d0 .scope module, "u1" "sram" 4 16, 7 3 0, S_0x7fdeedc3f970;
 .timescale -9 -11;
    .port_info 0 /INPUT 8 "addr";
    .port_info 1 /INPUT 8 "idata";
    .port_info 2 /OUTPUT 8 "odata";
    .port_info 3 /INPUT 1 "cs_";
    .port_info 4 /INPUT 1 "rw_";
    .port_info 5 /INPUT 1 "clk";
L_0x7fdeedc79490 .functor BUFZ 8, L_0x7fdeedc792d0, C4<00000000>, C4<00000000>, C4<00000000>;
v0x7fdeedc70b20_0 .net *"_ivl_0", 7 0, L_0x7fdeedc792d0;  1 drivers
v0x7fdeedc70be0_0 .net *"_ivl_2", 9 0, L_0x7fdeedc79370;  1 drivers
L_0x7fdef0078440 .functor BUFT 1, C4<00>, C4<0>, C4<0>, C4<0>;
v0x7fdeedc70c90_0 .net *"_ivl_5", 1 0, L_0x7fdef0078440;  1 drivers
v0x7fdeedc70d50_0 .net "addr", 7 0, L_0x7fdeedc79580;  1 drivers
v0x7fdeedc70e00_0 .net "clk", 0 0, v0x7fdeedc76400_0;  alias, 1 drivers
v0x7fdeedc70f10_0 .net "cs_", 0 0, L_0x7fdeedc78320;  alias, 1 drivers
v0x7fdeedc70fa0_0 .net "idata", 7 0, L_0x7fdeedc772d0;  alias, 1 drivers
v0x7fdeedc71070 .array "mem", 0 255, 7 0;
v0x7fdeedc71100_0 .net "odata", 7 0, L_0x7fdeedc79490;  alias, 1 drivers
v0x7fdeedc71210_0 .net "rw_", 0 0, L_0x7fdeedc776b0;  alias, 1 drivers
L_0x7fdeedc792d0 .array/port v0x7fdeedc71070, L_0x7fdeedc79370;
L_0x7fdeedc79370 .concat [ 8 2 0 0], L_0x7fdeedc79580, L_0x7fdef0078440;
S_0x7fdeedc72700 .scope module, "u1" "busarb" 3 32, 8 2 0, S_0x7fdeedc41050;
 .timescale -9 -11;
    .port_info 0 /INPUT 1 "breq0_";
    .port_info 1 /INPUT 1 "breq1_";
    .port_info 2 /OUTPUT 1 "bgrt0_";
    .port_info 3 /OUTPUT 1 "bgrt1_";
    .port_info 4 /INPUT 1 "reset_";
    .port_info 5 /INPUT 1 "clk";
v0x7fdeedc72960_0 .net *"_ivl_0", 31 0, L_0x7fdeedc7db30;  1 drivers
L_0x7fdef00790a0 .functor BUFT 1, C4<01>, C4<0>, C4<0>, C4<0>;
v0x7fdeedc72a10_0 .net/2s *"_ivl_10", 1 0, L_0x7fdef00790a0;  1 drivers
v0x7fdeedc72ac0_0 .net *"_ivl_12", 1 0, L_0x7fdeedc7dd30;  1 drivers
v0x7fdeedc72b80_0 .net *"_ivl_16", 31 0, L_0x7fdeedc7df70;  1 drivers
L_0x7fdef00790e8 .functor BUFT 1, C4<0000000000000000000000000000000>, C4<0>, C4<0>, C4<0>;
v0x7fdeedc72c30_0 .net *"_ivl_19", 30 0, L_0x7fdef00790e8;  1 drivers
L_0x7fdef0079130 .functor BUFT 1, C4<00000000000000000000000000000001>, C4<0>, C4<0>, C4<0>;
v0x7fdeedc72d20_0 .net/2u *"_ivl_20", 31 0, L_0x7fdef0079130;  1 drivers
v0x7fdeedc72dd0_0 .net *"_ivl_22", 0 0, L_0x7fdeedc7e0c0;  1 drivers
L_0x7fdef0079178 .functor BUFT 1, C4<00>, C4<0>, C4<0>, C4<0>;
v0x7fdeedc72e70_0 .net/2s *"_ivl_24", 1 0, L_0x7fdef0079178;  1 drivers
L_0x7fdef00791c0 .functor BUFT 1, C4<01>, C4<0>, C4<0>, C4<0>;
v0x7fdeedc72f20_0 .net/2s *"_ivl_26", 1 0, L_0x7fdef00791c0;  1 drivers
v0x7fdeedc73030_0 .net *"_ivl_28", 1 0, L_0x7fdeedc7e1e0;  1 drivers
L_0x7fdef0078fc8 .functor BUFT 1, C4<0000000000000000000000000000000>, C4<0>, C4<0>, C4<0>;
v0x7fdeedc730e0_0 .net *"_ivl_3", 30 0, L_0x7fdef0078fc8;  1 drivers
L_0x7fdef0079010 .functor BUFT 1, C4<00000000000000000000000000000000>, C4<0>, C4<0>, C4<0>;
v0x7fdeedc73190_0 .net/2u *"_ivl_4", 31 0, L_0x7fdef0079010;  1 drivers
v0x7fdeedc73240_0 .net *"_ivl_6", 0 0, L_0x7fdeedc7dc10;  1 drivers
L_0x7fdef0079058 .functor BUFT 1, C4<00>, C4<0>, C4<0>, C4<0>;
v0x7fdeedc732e0_0 .net/2s *"_ivl_8", 1 0, L_0x7fdef0079058;  1 drivers
v0x7fdeedc73390_0 .net "bgrt0_", 0 0, L_0x7fdeedc7de90;  alias, 1 drivers
v0x7fdeedc73430_0 .net "bgrt1_", 0 0, L_0x7fdeedc7e380;  alias, 1 drivers
v0x7fdeedc734d0_0 .net "breq0_", 0 0, v0x7fdeedc76330_0;  alias, 1 drivers
v0x7fdeedc73660_0 .net "breq1_", 0 0, v0x7fdeedc73dd0_0;  alias, 1 drivers
v0x7fdeedc736f0_0 .net "clk", 0 0, v0x7fdeedc76400_0;  alias, 1 drivers
v0x7fdeedc73780_0 .net "reset_", 0 0, v0x7fdeedc76a40_0;  alias, 1 drivers
v0x7fdeedc73810_0 .var "state", 0 0;
L_0x7fdeedc7db30 .concat [ 1 31 0 0], v0x7fdeedc73810_0, L_0x7fdef0078fc8;
L_0x7fdeedc7dc10 .cmp/eq 32, L_0x7fdeedc7db30, L_0x7fdef0079010;
L_0x7fdeedc7dd30 .functor MUXZ 2, L_0x7fdef00790a0, L_0x7fdef0079058, L_0x7fdeedc7dc10, C4<>;
L_0x7fdeedc7de90 .part L_0x7fdeedc7dd30, 0, 1;
L_0x7fdeedc7df70 .concat [ 1 31 0 0], v0x7fdeedc73810_0, L_0x7fdef00790e8;
L_0x7fdeedc7e0c0 .cmp/eq 32, L_0x7fdeedc7df70, L_0x7fdef0079130;
L_0x7fdeedc7e1e0 .functor MUXZ 2, L_0x7fdef00791c0, L_0x7fdef0079178, L_0x7fdeedc7e0c0, C4<>;
L_0x7fdeedc7e380 .part L_0x7fdeedc7e1e0, 0, 1;
S_0x7fdeedc73920 .scope module, "u2" "dmactr" 3 33, 9 2 0, S_0x7fdeedc41050;
 .timescale -9 -11;
    .port_info 0 /OUTPUT 10 "addr";
    .port_info 1 /OUTPUT 8 "odata";
    .port_info 2 /INPUT 8 "idata";
    .port_info 3 /OUTPUT 1 "rw_";
    .port_info 4 /OUTPUT 1 "breq_";
    .port_info 5 /INPUT 1 "bgrt_";
    .port_info 6 /INPUT 10 "dsaddr";
    .port_info 7 /INPUT 10 "ddaddr";
    .port_info 8 /INPUT 2 "dmode";
    .port_info 9 /INPUT 1 "dreq_";
    .port_info 10 /OUTPUT 1 "eop_";
    .port_info 11 /INPUT 1 "reset_";
    .port_info 12 /INPUT 1 "clk";
v0x7fdeedc73c90_0 .var "addr", 9 0;
v0x7fdeedc73d20_0 .net "bgrt_", 0 0, L_0x7fdeedc7e380;  alias, 1 drivers
v0x7fdeedc73dd0_0 .var "breq_", 0 0;
v0x7fdeedc73ea0_0 .net "clk", 0 0, v0x7fdeedc76400_0;  alias, 1 drivers
v0x7fdeedc73f30_0 .net "ddaddr", 9 0, v0x7fdeedc76490_0;  alias, 1 drivers
v0x7fdeedc74000_0 .net "dmode", 1 0, v0x7fdeedc765a0_0;  alias, 1 drivers
v0x7fdeedc74090_0 .net "dreq_", 0 0, v0x7fdeedc76670_0;  alias, 1 drivers
v0x7fdeedc74130_0 .net "dsaddr", 9 0, v0x7fdeedc76740_0;  alias, 1 drivers
v0x7fdeedc741e0_0 .var "eop_", 0 0;
v0x7fdeedc742f0_0 .net "idata", 7 0, L_0x7fdeedc76c50;  alias, 1 drivers
v0x7fdeedc74390_0 .var "odata", 7 0;
v0x7fdeedc74440_0 .net "reset_", 0 0, v0x7fdeedc76a40_0;  alias, 1 drivers
v0x7fdeedc744d0_0 .var "rw_", 0 0;
v0x7fdeedc74570_0 .var "state", 2 0;
    .scope S_0x7fdeedc6fed0;
T_0 ;
    %wait E_0x7fdeedc5b250;
    %load/vec4 v0x7fdeedc704d0_0;
    %pad/u 32;
    %pushi/vec4 0, 0, 32;
    %cmp/e;
    %flag_get/vec4 4;
    %load/vec4 v0x7fdeedc707e0_0;
    %pad/u 32;
    %pushi/vec4 0, 0, 32;
    %cmp/e;
    %flag_get/vec4 4;
    %and;
    %flag_set/vec4 8;
    %jmp/0xz  T_0.0, 8;
    %load/vec4 v0x7fdeedc70580_0;
    %load/vec4 v0x7fdeedc70350_0;
    %pad/u 10;
    %ix/vec4 3;
    %ix/load 4, 0, 0; Constant delay
    %assign/vec4/a/d v0x7fdeedc70630, 0, 4;
T_0.0 ;
    %jmp T_0;
    .thread T_0;
    .scope S_0x7fdeedc708d0;
T_1 ;
    %wait E_0x7fdeedc5b250;
    %load/vec4 v0x7fdeedc70f10_0;
    %pad/u 32;
    %pushi/vec4 0, 0, 32;
    %cmp/e;
    %flag_get/vec4 4;
    %load/vec4 v0x7fdeedc71210_0;
    %pad/u 32;
    %pushi/vec4 0, 0, 32;
    %cmp/e;
    %flag_get/vec4 4;
    %and;
    %flag_set/vec4 8;
    %jmp/0xz  T_1.0, 8;
    %load/vec4 v0x7fdeedc70fa0_0;
    %load/vec4 v0x7fdeedc70d50_0;
    %pad/u 10;
    %ix/vec4 3;
    %ix/load 4, 0, 0; Constant delay
    %assign/vec4/a/d v0x7fdeedc71070, 0, 4;
T_1.0 ;
    %jmp T_1;
    .thread T_1;
    .scope S_0x7fdeedc6c040;
T_2 ;
    %wait E_0x7fdeedc5b250;
    %load/vec4 v0x7fdeedc6fbe0_0;
    %pad/u 32;
    %cmpi/e 0, 0, 32;
    %jmp/0xz  T_2.0, 4;
    %pushi/vec4 0, 0, 32;
    %assign/vec4 v0x7fdeedc6f8d0_0, 0;
    %jmp T_2.1;
T_2.0 ;
    %load/vec4 v0x7fdeedc6f790_0;
    %flag_set/vec4 8;
    %jmp/0xz  T_2.2, 8;
    %pushi/vec4 0, 0, 32;
    %assign/vec4 v0x7fdeedc6f8d0_0, 0;
    %jmp T_2.3;
T_2.2 ;
    %load/vec4 v0x7fdeedc6fa30_0;
    %flag_set/vec4 8;
    %jmp/0xz  T_2.4, 8;
    %load/vec4 v0x7fdeedc6f8d0_0;
    %addi 1, 0, 32;
    %assign/vec4 v0x7fdeedc6f8d0_0, 0;
T_2.4 ;
T_2.3 ;
T_2.1 ;
    %jmp T_2;
    .thread T_2;
    .scope S_0x7fdeedc6c040;
T_3 ;
    %wait E_0x7fdeedc5b250;
    %load/vec4 v0x7fdeedc6fbe0_0;
    %pad/u 32;
    %cmpi/e 0, 0, 32;
    %jmp/0xz  T_3.0, 4;
    %pushi/vec4 0, 0, 1;
    %assign/vec4 v0x7fdeedc6fa30_0, 0;
    %jmp T_3.1;
T_3.0 ;
    %load/vec4 v0x7fdeedc6fd00_0;
    %flag_set/vec4 8;
    %jmp/0xz  T_3.2, 8;
    %pushi/vec4 1, 0, 1;
    %assign/vec4 v0x7fdeedc6fa30_0, 0;
    %jmp T_3.3;
T_3.2 ;
    %load/vec4 v0x7fdeedc6fd90_0;
    %flag_set/vec4 8;
    %jmp/0xz  T_3.4, 8;
    %pushi/vec4 0, 0, 1;
    %assign/vec4 v0x7fdeedc6fa30_0, 0;
T_3.4 ;
T_3.3 ;
T_3.1 ;
    %jmp T_3;
    .thread T_3;
    .scope S_0x7fdeedc72700;
T_4 ;
    %wait E_0x7fdeedc5b250;
    %load/vec4 v0x7fdeedc73780_0;
    %pad/u 32;
    %cmpi/e 0, 0, 32;
    %jmp/0xz  T_4.0, 4;
    %pushi/vec4 0, 0, 1;
    %assign/vec4 v0x7fdeedc73810_0, 0;
    %jmp T_4.1;
T_4.0 ;
    %load/vec4 v0x7fdeedc73810_0;
    %dup/vec4;
    %pushi/vec4 0, 0, 1;
    %cmp/u;
    %jmp/1 T_4.2, 6;
    %dup/vec4;
    %pushi/vec4 1, 0, 1;
    %cmp/u;
    %jmp/1 T_4.3, 6;
    %jmp T_4.4;
T_4.2 ;
    %load/vec4 v0x7fdeedc734d0_0;
    %pad/u 32;
    %pushi/vec4 1, 0, 32;
    %cmp/e;
    %flag_get/vec4 4;
    %load/vec4 v0x7fdeedc73660_0;
    %pad/u 32;
    %pushi/vec4 0, 0, 32;
    %cmp/e;
    %flag_get/vec4 4;
    %and;
    %flag_set/vec4 8;
    %jmp/0xz  T_4.5, 8;
    %pushi/vec4 1, 0, 1;
    %assign/vec4 v0x7fdeedc73810_0, 0;
T_4.5 ;
    %jmp T_4.4;
T_4.3 ;
    %load/vec4 v0x7fdeedc73660_0;
    %pad/u 32;
    %pushi/vec4 1, 0, 32;
    %cmp/e;
    %flag_get/vec4 4;
    %load/vec4 v0x7fdeedc734d0_0;
    %pad/u 32;
    %pushi/vec4 0, 0, 32;
    %cmp/e;
    %flag_get/vec4 4;
    %and;
    %flag_set/vec4 8;
    %jmp/0xz  T_4.7, 8;
    %pushi/vec4 0, 0, 1;
    %assign/vec4 v0x7fdeedc73810_0, 0;
T_4.7 ;
    %jmp T_4.4;
T_4.4 ;
    %pop/vec4 1;
T_4.1 ;
    %jmp T_4;
    .thread T_4;
    .scope S_0x7fdeedc73920;
T_5 ;
    %wait E_0x7fdeedc5b250;
    %load/vec4 v0x7fdeedc74440_0;
    %pad/u 32;
    %cmpi/e 0, 0, 32;
    %jmp/0xz  T_5.0, 4;
    %pushi/vec4 0, 0, 3;
    %assign/vec4 v0x7fdeedc74570_0, 0;
    %pushi/vec4 1, 0, 1;
    %assign/vec4 v0x7fdeedc73dd0_0, 0;
    %jmp T_5.1;
T_5.0 ;
    %load/vec4 v0x7fdeedc74570_0;
    %dup/vec4;
    %pushi/vec4 0, 0, 3;
    %cmp/u;
    %jmp/1 T_5.2, 6;
    %dup/vec4;
    %pushi/vec4 1, 0, 3;
    %cmp/u;
    %jmp/1 T_5.3, 6;
    %dup/vec4;
    %pushi/vec4 2, 0, 3;
    %cmp/u;
    %jmp/1 T_5.4, 6;
    %dup/vec4;
    %pushi/vec4 3, 0, 3;
    %cmp/u;
    %jmp/1 T_5.5, 6;
    %jmp T_5.6;
T_5.2 ;
    %load/vec4 v0x7fdeedc74090_0;
    %pad/u 32;
    %cmpi/e 0, 0, 32;
    %jmp/0xz  T_5.7, 4;
    %pushi/vec4 0, 0, 1;
    %assign/vec4 v0x7fdeedc73dd0_0, 0;
    %pushi/vec4 1, 0, 3;
    %assign/vec4 v0x7fdeedc74570_0, 0;
T_5.7 ;
    %pushi/vec4 1, 0, 1;
    %assign/vec4 v0x7fdeedc741e0_0, 0;
    %jmp T_5.6;
T_5.3 ;
    %load/vec4 v0x7fdeedc73d20_0;
    %pad/u 32;
    %cmpi/e 0, 0, 32;
    %jmp/0xz  T_5.9, 4;
    %load/vec4 v0x7fdeedc74130_0;
    %assign/vec4 v0x7fdeedc73c90_0, 0;
    %pushi/vec4 1, 0, 1;
    %assign/vec4 v0x7fdeedc744d0_0, 0;
    %pushi/vec4 2, 0, 3;
    %assign/vec4 v0x7fdeedc74570_0, 0;
T_5.9 ;
    %jmp T_5.6;
T_5.4 ;
    %load/vec4 v0x7fdeedc73f30_0;
    %assign/vec4 v0x7fdeedc73c90_0, 0;
    %pushi/vec4 0, 0, 1;
    %assign/vec4 v0x7fdeedc744d0_0, 0;
    %load/vec4 v0x7fdeedc742f0_0;
    %assign/vec4 v0x7fdeedc74390_0, 0;
    %pushi/vec4 3, 0, 3;
    %assign/vec4 v0x7fdeedc74570_0, 0;
    %jmp T_5.6;
T_5.5 ;
    %pushi/vec4 0, 0, 1;
    %assign/vec4 v0x7fdeedc741e0_0, 0;
    %pushi/vec4 1, 0, 1;
    %assign/vec4 v0x7fdeedc73dd0_0, 0;
    %pushi/vec4 0, 0, 3;
    %assign/vec4 v0x7fdeedc74570_0, 0;
    %jmp T_5.6;
T_5.6 ;
    %pop/vec4 1;
T_5.1 ;
    %jmp T_5;
    .thread T_5;
    .scope S_0x7fdeedc542d0;
T_6 ;
    %pushi/vec4 1, 0, 1;
    %assign/vec4 v0x7fdeedc76400_0, 0;
    %delay 100, 0;
    %pushi/vec4 0, 0, 1;
    %assign/vec4 v0x7fdeedc76400_0, 0;
    %delay 100, 0;
    %jmp T_6;
    .thread T_6;
    .scope S_0x7fdeedc542d0;
T_7 ;
    %delay 100, 0;
    %vpi_call 2 23 "$dumpfile", "dump.vcd" {0 0 0};
    %vpi_call 2 24 "$dumpvars", 32'sb00000000000000000000000000000000, S_0x7fdeedc41050 {0 0 0};
    %pushi/vec4 0, 0, 1;
    %assign/vec4 v0x7fdeedc76a40_0, 0;
    %delay 200, 0;
    %pushi/vec4 1, 0, 1;
    %assign/vec4 v0x7fdeedc76a40_0, 0;
    %pushi/vec4 1, 0, 1;
    %assign/vec4 v0x7fdeedc76670_0, 0;
    %pushi/vec4 0, 0, 1;
    %assign/vec4 v0x7fdeedc76330_0, 0;
    %delay 200, 0;
    %pushi/vec4 0, 0, 1;
    %assign/vec4 v0x7fdeedc76ad0_0, 0;
    %pushi/vec4 336, 0, 10;
    %assign/vec4 v0x7fdeedc76210_0, 0;
    %pushi/vec4 153, 0, 8;
    %assign/vec4 v0x7fdeedc76920_0, 0;
    %delay 200, 0;
    %pushi/vec4 1, 0, 1;
    %assign/vec4 v0x7fdeedc76ad0_0, 0;
    %pushi/vec4 336, 0, 10;
    %assign/vec4 v0x7fdeedc76210_0, 0;
    %pushi/vec4 0, 0, 8;
    %assign/vec4 v0x7fdeedc76920_0, 0;
    %delay 1000, 0;
    %vpi_call 2 46 "$display", "addr = %h odata = %h", v0x7fdeedc76210_0, v0x7fdeedc769b0_0 {0 0 0};
    %delay 1000, 0;
    %pushi/vec4 1, 0, 1;
    %assign/vec4 v0x7fdeedc76330_0, 0;
    %pushi/vec4 0, 0, 1;
    %assign/vec4 v0x7fdeedc76670_0, 0;
    %pushi/vec4 1, 0, 2;
    %assign/vec4 v0x7fdeedc765a0_0, 0;
    %pushi/vec4 336, 0, 10;
    %assign/vec4 v0x7fdeedc76740_0, 0;
    %pushi/vec4 352, 0, 10;
    %assign/vec4 v0x7fdeedc76490_0, 0;
    %delay 200, 0;
    %pushi/vec4 1, 0, 1;
    %assign/vec4 v0x7fdeedc76670_0, 0;
    %delay 2000, 0;
    %pushi/vec4 0, 0, 1;
    %assign/vec4 v0x7fdeedc76330_0, 0;
    %pushi/vec4 1, 0, 1;
    %assign/vec4 v0x7fdeedc76ad0_0, 0;
    %pushi/vec4 352, 0, 10;
    %assign/vec4 v0x7fdeedc76210_0, 0;
    %delay 1200, 0;
    %vpi_call 2 67 "$display", "addr = %h odata = %h", v0x7fdeedc76210_0, v0x7fdeedc769b0_0 {0 0 0};
    %vpi_call 2 69 "$finish" {0 0 0};
    %end;
    .thread T_7;
# The file index is used to find the file name in the following table.
:file_names 10;
    "N/A";
    "<interactive>";
    "test_dma.v";
    "top.v";
    "slaves.v";
    "addrdec.v";
    "timer.v";
    "sram.v";
    "busarb.v";
    "dmactr.v";
